<?xml version="1.0" encoding="UTF-8"?>
<!-- Generated by org.testng.reporters.JUnitReportReporter -->
<testsuite hostname="DESKTOP-L02734K" failures="0" tests="1" name="testRunner.TestRunner" time="47.371" errors="0" timestamp="2025-04-08T15:44:55 GMT-05:00" skipped="0">
  <testcase classname="testRunner.TestRunner" name="runScenario" time="47.371"/>
</testsuite> <!-- testRunner.TestRunner -->
