<?xml version="1.0" encoding="UTF-8"?>
<!-- Generated by org.testng.reporters.JUnitReportReporter -->
<testsuite hostname="DESKTOP-L02734K" failures="0" tests="1" name="testRunner.TestRunner" time="14.971" errors="0" timestamp="2025-04-02T17:45:11 GMT-05:00" skipped="0">
  <testcase classname="testRunner.TestRunner" name="runScenario" time="14.971"/>
  <system-out/>
</testsuite> <!-- testRunner.TestRunner -->
