<?xml version="1.0" encoding="UTF-8"?>
<!-- Generated by org.testng.reporters.JUnitReportReporter -->
<testsuite hostname="DESKTOP-L02734K" failures="0" tests="1" name="testRunner.TestRunner" time="22.132" errors="0" timestamp="2025-04-02T17:38:17 GMT-05:00" skipped="0">
  <testcase classname="testRunner.TestRunner" name="runScenario" time="22.132"/>
  <system-out/>
</testsuite> <!-- testRunner.TestRunner -->
